<?xml version="1.0" encoding="UTF-8"?>
<!-- Generated by org.testng.reporters.JUnitXMLReporter -->
<testsuite ignored="0" hostname="LIN25009168" failures="1" tests="1" name="Command line test" time="0.091" errors="0" timestamp="24 Feb 2023 10:39:33 GMT">
  <testcase classname="Selenium.Testngxml" name="testng" time="0.073">
    <failure type="java.lang.IllegalStateException" message="The driver executable must exist: C:\Users\ANANDSON\Downloads\chromedriver_win32 (2)\chromedriver.exe">
      <![CDATA[java.lang.IllegalStateException: The driver executable must exist: C:\Users\ANANDSON\Downloads\chromedriver_win32 (2)\chromedriver.exe
at org.openqa.selenium.internal.Require$FileStateChecker.isFile(Require.java:345)
at org.openqa.selenium.remote.service.DriverService.checkExecutable(DriverService.java:161)
at org.openqa.selenium.remote.service.DriverService.findExecutable(DriverService.java:156)
at org.openqa.selenium.chrome.ChromeDriverService.access$000(ChromeDriverService.java:42)
at org.openqa.selenium.chrome.ChromeDriverService$Builder.findDefaultExecutable(ChromeDriverService.java:315)
at org.openqa.selenium.remote.service.DriverService$Builder.build(DriverService.java:456)
at org.openqa.selenium.chrome.ChromeDriverService.createDefaultService(ChromeDriverService.java:147)
at org.openqa.selenium.chrome.ChromeDriver.<init>(ChromeDriver.java:50)
at Selenium.Testngxml.testng(Testngxml.java:16)
... Removed 34 stack frames]]>
    </failure>
  </testcase> <!-- testng -->
</testsuite> <!-- Command line test -->
